<?xml version="1.0" encoding="UTF-8"?>
<!-- Generated by org.testng.reporters.JUnitReportReporter -->
<testsuite hostname="DESKTOP-21M3CIU" failures="0" tests="1" name="Academy.Homepage" time="8.138" errors="0" timestamp="2020-01-18T22:23:25 CST" skipped="0">
  <testcase classname="Academy.Homepage" name="bacePageNavigation" time="8.138"/>
</testsuite> <!-- Academy.Homepage -->
